{"name": "test_short_mail", "status": "broken", "statusDetails": {"message": "selenium.common.exceptions.TimeoutException: Message: \nStacktrace:\n#0 0x564712ae0ee3 <unknown>\n#1 0x5647125ae608 <unknown>\n#2 0x5647125e4aa1 <unknown>\n#3 0x5647125e4c61 <unknown>\n#4 0x564712617714 <unknown>\n#5 0x56471260229d <unknown>\n#6 0x5647126153bc <unknown>\n#7 0x564712602163 <unknown>\n#8 0x5647125d7bfc <unknown>\n#9 0x5647125d8c05 <unknown>\n#10 0x564712b12baa <unknown>\n#11 0x564712b28651 <unknown>\n#12 0x564712b13b05 <unknown>\n#13 0x564712b29a68 <unknown>\n#14 0x564712b0805f <unknown>\n#15 0x564712b44818 <unknown>\n#16 0x564712b44998 <unknown>\n#17 0x564712b5feed <unknown>\n#18 0x7f34df692609 <unknown>", "trace": "self = <test_negative_registration.TestNegative object at 0x0000028721F8EF40>\n\n    @allure.epic('Awesome test application')\n    @allure.feature('UI tests')\n    @allure.story('Registration page')\n    @allure.tag(\"Negative tests\")\n    def test_short_mail(self):\n        short_mail = \"q@q.qq\"\n        name = \"normuser\"\n        with allure.step(\"Go to registration page\"):\n            self.login_page.click(self.login_page.locators.CREATE_LINK)\n        with allure.step(\"Try create user with short email\"):\n            self.registration_page.register(name, short_mail, password, password)\n>       assert self.login_page.get_text(self.login_page.locators.ERROR_FLASH) == \"Incorrect email length\"\n\ntests\\ui_test\\registration_page\\test_negative_registration.py:45: \n_ _ _ _ _ _ _ _ _ _ _ _ _ _ _ _ _ _ _ _ _ _ _ _ _ _ _ _ _ _ _ _ _ _ _ _ _ _ _ _\nsrc\\ui\\pages\\base_page.py:36: in get_text\n    WebDriverWait(self.driver, 2).until(EC.visibility_of_element_located(locator))\n_ _ _ _ _ _ _ _ _ _ _ _ _ _ _ _ _ _ _ _ _ _ _ _ _ _ _ _ _ _ _ _ _ _ _ _ _ _ _ _\n\nself = <selenium.webdriver.support.wait.WebDriverWait (session=\"102e7ddeea2c0a0021f2f57ef6f49e63\")>\nmethod = <function visibility_of_element_located.<locals>._predicate at 0x0000028721FE20D0>\nmessage = ''\n\n    def until(self, method, message=''):\n        \"\"\"Calls the method provided with the driver as an argument until the \\\n        return value does not evaluate to ``False``.\n    \n        :param method: callable(WebDriver)\n        :param message: optional message for :exc:`TimeoutException`\n        :returns: the result of the last call to `method`\n        :raises: :exc:`selenium.common.exceptions.TimeoutException` if timeout occurs\n        \"\"\"\n        screen = None\n        stacktrace = None\n    \n        end_time = time.time() + self._timeout\n        while True:\n            try:\n                value = method(self._driver)\n                if value:\n                    return value\n            except InvalidSelectorException as e:\n                raise e\n            except self._ignored_exceptions as exc:\n                screen = getattr(exc, 'screen', None)\n                stacktrace = getattr(exc, 'stacktrace', None)\n            time.sleep(self._poll)\n            if time.time() > end_time:\n                break\n>       raise TimeoutException(message, screen, stacktrace)\nE       selenium.common.exceptions.TimeoutException: Message: \nE       Stacktrace:\nE       #0 0x564712ae0ee3 <unknown>\nE       #1 0x5647125ae608 <unknown>\nE       #2 0x5647125e4aa1 <unknown>\nE       #3 0x5647125e4c61 <unknown>\nE       #4 0x564712617714 <unknown>\nE       #5 0x56471260229d <unknown>\nE       #6 0x5647126153bc <unknown>\nE       #7 0x564712602163 <unknown>\nE       #8 0x5647125d7bfc <unknown>\nE       #9 0x5647125d8c05 <unknown>\nE       #10 0x564712b12baa <unknown>\nE       #11 0x564712b28651 <unknown>\nE       #12 0x564712b13b05 <unknown>\nE       #13 0x564712b29a68 <unknown>\nE       #14 0x564712b0805f <unknown>\nE       #15 0x564712b44818 <unknown>\nE       #16 0x564712b44998 <unknown>\nE       #17 0x564712b5feed <unknown>\nE       #18 0x7f34df692609 <unknown>\n\nD:\\Anaconda3\\envs\\final_project\\lib\\site-packages\\selenium\\webdriver\\support\\wait.py:89: TimeoutException"}, "steps": [{"name": "Go to registration page", "status": "passed", "steps": [{"name": "Clicking on ('xpath', \"//a[@href = '/reg']\")", "status": "passed", "parameters": [{"name": "locator", "value": "('xpath', \"//a[@href = '/reg']\")"}, {"name": "attempts", "value": "8"}], "start": 1640013625752, "stop": 1640013626735}], "start": 1640013625752, "stop": 1640013626735}, {"name": "Try create user with short email", "status": "passed", "steps": [{"name": "Try registred:usernsme: 'normuser',email: 'q@q.qq',password: '2fWi1Hhti*'repeat password: '2fWi1Hhti*'", "status": "passed", "steps": [{"name": "Write the value 'normuser' in the field <InputFields.username: ('id', 'username')>", "status": "passed", "parameters": [{"name": "field", "value": "<InputFields.username: ('id', 'username')>"}, {"name": "input_value", "value": "'normuser'"}], "start": 1640013626837, "stop": 1640013627096}, {"name": "Write the value 'q@q.qq' in the field <InputFields.email: ('id', 'email')>", "status": "passed", "parameters": [{"name": "field", "value": "<InputFields.email: ('id', 'email')>"}, {"name": "input_value", "value": "'q@q.qq'"}], "start": 1640013627097, "stop": 1640013627774}, {"name": "Write the value '2fWi1Hhti*' in the field <InputFields.password: ('id', 'password')>", "status": "passed", "parameters": [{"name": "field", "value": "<InputFields.password: ('id', 'password')>"}, {"name": "input_value", "value": "'2fWi1Hhti*'"}], "start": 1640013627774, "stop": 1640013628195}, {"name": "Write the value '2fWi1Hhti*' in the field <InputFields.repeat_password: ('id', 'confirm')>", "status": "passed", "parameters": [{"name": "field", "value": "<InputFields.repeat_password: ('id', 'confirm')>"}, {"name": "input_value", "value": "'2fWi1Hhti*'"}], "start": 1640013628195, "stop": 1640013628603}, {"name": "Clicking on ('xpath', \"//input[@id = 'term']\")", "status": "passed", "parameters": [{"name": "locator", "value": "('xpath', \"//input[@id = 'term']\")"}, {"name": "attempts", "value": "8"}], "start": 1640013628603, "stop": 1640013629066}, {"name": "Clicking on <selenium.webdriver.remote.webelement.WebElement (session=\"102e7ddeea2c0a0021f2f57ef6f49e63\", element=\"c889e073-3071-49c9-a491-30b642681e48\")>", "status": "passed", "parameters": [{"name": "locator", "value": "<selenium.webdriver.remote.webelement.WebElement (session=\"102e7ddeea2c0a0021f2f57ef6f49e63\", element=\"c889e073-3071-49c9-a491-30b642681e48\")>"}, {"name": "attempts", "value": "8"}], "start": 1640013629067, "stop": 1640013631429}], "parameters": [{"name": "username_value", "value": "'normuser'"}, {"name": "email_value", "value": "'q@q.qq'"}, {"name": "password_value", "value": "'2fWi1Hhti*'"}, {"name": "repeat_value", "value": "'2fWi1Hhti*'"}, {"name": "accept_agreement", "value": "True"}], "start": 1640013626736, "stop": 1640013641433}], "start": 1640013626735, "stop": 1640013641434}], "start": 1640013625751, "stop": 1640013651993, "uuid": "93a01c96-a9a2-4daa-8e59-2fe9b4ebf86f", "historyId": "d7751cc1792acd10f4152057e01a6882", "testCaseId": "b93817abadaae41abf078b1fa549eceb", "fullName": "tests.ui_test.registration_page.test_negative_registration.TestNegative#test_short_mail", "labels": [{"name": "epic", "value": "Awesome test application"}, {"name": "story", "value": "Registration page"}, {"name": "tag", "value": "Negative tests"}, {"name": "feature", "value": "UI tests"}, {"name": "parentSuite", "value": "tests.ui_test.registration_page"}, {"name": "suite", "value": "test_negative_registration"}, {"name": "subSuite", "value": "TestNegative"}, {"name": "host", "value": "DESKTOP-LERA"}, {"name": "thread", "value": "15340-MainThread"}, {"name": "framework", "value": "pytest"}, {"name": "language", "value": "cpython3"}, {"name": "package", "value": "tests.ui_test.registration_page.test_negative_registration"}]}