{"name": "test_short_mail", "status": "broken", "statusDetails": {"message": "selenium.common.exceptions.TimeoutException: Message: \nStacktrace:\n#0 0x5579db5e1ee3 <unknown>\n#1 0x5579db0af608 <unknown>\n#2 0x5579db0e5aa1 <unknown>\n#3 0x5579db0e5c61 <unknown>\n#4 0x5579db118714 <unknown>\n#5 0x5579db10329d <unknown>\n#6 0x5579db1163bc <unknown>\n#7 0x5579db103163 <unknown>\n#8 0x5579db0d8bfc <unknown>\n#9 0x5579db0d9c05 <unknown>\n#10 0x5579db613baa <unknown>\n#11 0x5579db629651 <unknown>\n#12 0x5579db614b05 <unknown>\n#13 0x5579db62aa68 <unknown>\n#14 0x5579db60905f <unknown>\n#15 0x5579db645818 <unknown>\n#16 0x5579db645998 <unknown>\n#17 0x5579db660eed <unknown>\n#18 0x7f8180cde609 <unknown>", "trace": "self = <test_negative_registration.TestNegative object at 0x0000020EF600DD90>\n\n    @allure.epic('Awesome test application')\n    @allure.feature('UI tests')\n    @allure.story('Registration page')\n    @allure.tag(\"Negative tests\")\n    def test_short_mail(self):\n        short_mail = \"q@q.qq\"\n        name = \"normuser\"\n        with allure.step(\"Go to registration page\"):\n            self.login_page.click(self.login_page.locators.CREATE_LINK)\n        with allure.step(\"Try create user with short email\"):\n            self.registration_page.register(name, short_mail, password, password)\n>       assert self.login_page.get_text(self.login_page.locators.ERROR_FLASH) == \"Incorrect email length\"\n\ntests\\ui_test\\registration_page\\test_negative_registration.py:45: \n_ _ _ _ _ _ _ _ _ _ _ _ _ _ _ _ _ _ _ _ _ _ _ _ _ _ _ _ _ _ _ _ _ _ _ _ _ _ _ _ _ _ _ _ _ _ _ _ _ _ _ _ _ _ _ _ _ _ _ _ _ _ _ _ _ _ _ _ _ _ _ _ _ _ _ _ _ _ _ _ _ _ _ _ _ _ _ _ _ _ _ _ _ _ _ _ _ _ _ _ _ _ _ _ _ _ _ _ _ _ _ _ _ _ _ _ _ _ _ _ _ _ _ _ _ _ _ _ _ _ _ _ _ _ _ _ _ _ _ _ _ _ _ _ _ _ _ _ _ _ _ _ _ _ _ _\nsrc\\ui\\pages\\base_page.py:34: in get_text\n    WebDriverWait(self.driver, 3).until(EC.visibility_of_element_located(locator))\n_ _ _ _ _ _ _ _ _ _ _ _ _ _ _ _ _ _ _ _ _ _ _ _ _ _ _ _ _ _ _ _ _ _ _ _ _ _ _ _ _ _ _ _ _ _ _ _ _ _ _ _ _ _ _ _ _ _ _ _ _ _ _ _ _ _ _ _ _ _ _ _ _ _ _ _ _ _ _ _ _ _ _ _ _ _ _ _ _ _ _ _ _ _ _ _ _ _ _ _ _ _ _ _ _ _ _ _ _ _ _ _ _ _ _ _ _ _ _ _ _ _ _ _ _ _ _ _ _ _ _ _ _ _ _ _ _ _ _ _ _ _ _ _ _ _ _ _ _ _ _ _ _ _ _ _\n\nself = <selenium.webdriver.support.wait.WebDriverWait (session=\"a2b02469b0deb6d1ed819e70a8d640e0\")>, method = <function visibility_of_element_located.<locals>._predicate at 0x0000020EF608ED30>, message = ''\n\n    def until(self, method, message=''):\n        \"\"\"Calls the method provided with the driver as an argument until the \\\n        return value does not evaluate to ``False``.\n    \n        :param method: callable(WebDriver)\n        :param message: optional message for :exc:`TimeoutException`\n        :returns: the result of the last call to `method`\n        :raises: :exc:`selenium.common.exceptions.TimeoutException` if timeout occurs\n        \"\"\"\n        screen = None\n        stacktrace = None\n    \n        end_time = time.time() + self._timeout\n        while True:\n            try:\n                value = method(self._driver)\n                if value:\n                    return value\n            except InvalidSelectorException as e:\n                raise e\n            except self._ignored_exceptions as exc:\n                screen = getattr(exc, 'screen', None)\n                stacktrace = getattr(exc, 'stacktrace', None)\n            time.sleep(self._poll)\n            if time.time() > end_time:\n                break\n>       raise TimeoutException(message, screen, stacktrace)\nE       selenium.common.exceptions.TimeoutException: Message: \nE       Stacktrace:\nE       #0 0x5579db5e1ee3 <unknown>\nE       #1 0x5579db0af608 <unknown>\nE       #2 0x5579db0e5aa1 <unknown>\nE       #3 0x5579db0e5c61 <unknown>\nE       #4 0x5579db118714 <unknown>\nE       #5 0x5579db10329d <unknown>\nE       #6 0x5579db1163bc <unknown>\nE       #7 0x5579db103163 <unknown>\nE       #8 0x5579db0d8bfc <unknown>\nE       #9 0x5579db0d9c05 <unknown>\nE       #10 0x5579db613baa <unknown>\nE       #11 0x5579db629651 <unknown>\nE       #12 0x5579db614b05 <unknown>\nE       #13 0x5579db62aa68 <unknown>\nE       #14 0x5579db60905f <unknown>\nE       #15 0x5579db645818 <unknown>\nE       #16 0x5579db645998 <unknown>\nE       #17 0x5579db660eed <unknown>\nE       #18 0x7f8180cde609 <unknown>\n\nD:\\Anaconda3\\envs\\final_project\\lib\\site-packages\\selenium\\webdriver\\support\\wait.py:89: TimeoutException"}, "steps": [{"name": "Go to registration page", "status": "passed", "steps": [{"name": "Clicking on ('xpath', \"//a[@href = '/reg']\")", "status": "passed", "parameters": [{"name": "locator", "value": "('xpath', \"//a[@href = '/reg']\")"}, {"name": "attempts", "value": "8"}], "start": 1640022419801, "stop": 1640022446723}], "start": 1640022419796, "stop": 1640022446727}, {"name": "Try create user with short email", "status": "passed", "steps": [{"name": "Try registred:usernsme: 'normuser',email: 'q@q.qq',password: '4J*6!xUsZe'repeat password: '4J*6!xUsZe'", "status": "passed", "steps": [{"name": "Write the value 'normuser' in the field <InputFields.username: ('id', 'username')>", "status": "passed", "parameters": [{"name": "field", "value": "<InputFields.username: ('id', 'username')>"}, {"name": "input_value", "value": "'normuser'"}], "start": 1640022446772, "stop": 1640022446977}, {"name": "Write the value 'q@q.qq' in the field <InputFields.email: ('id', 'email')>", "status": "passed", "parameters": [{"name": "field", "value": "<InputFields.email: ('id', 'email')>"}, {"name": "input_value", "value": "'q@q.qq'"}], "start": 1640022446977, "stop": 1640022447160}, {"name": "Write the value '4J*6!xUsZe' in the field <InputFields.password: ('id', 'password')>", "status": "passed", "parameters": [{"name": "field", "value": "<InputFields.password: ('id', 'password')>"}, {"name": "input_value", "value": "'4J*6!xUsZe'"}], "start": 1640022447161, "stop": 1640022447416}, {"name": "Write the value '4J*6!xUsZe' in the field <InputFields.repeat_password: ('id', 'confirm')>", "status": "passed", "parameters": [{"name": "field", "value": "<InputFields.repeat_password: ('id', 'confirm')>"}, {"name": "input_value", "value": "'4J*6!xUsZe'"}], "start": 1640022447417, "stop": 1640022449553}, {"name": "Clicking on ('xpath', \"//input[@id = 'term']\")", "status": "passed", "parameters": [{"name": "locator", "value": "('xpath', \"//input[@id = 'term']\")"}, {"name": "attempts", "value": "8"}], "start": 1640022449554, "stop": 1640022465309}, {"name": "Clicking on <selenium.webdriver.remote.webelement.WebElement (session=\"a2b02469b0deb6d1ed819e70a8d640e0\", element=\"3f80cba1-768f-488a-9b54-8b338fd4460b\")>", "status": "passed", "parameters": [{"name": "locator", "value": "<selenium.webdriver.remote.webelement.WebElement (session=\"a2b02469b0deb6d1ed819e70a8d640e0\", element=\"3f80cba1-768f-488a-9b54-8b338fd4460b\")>"}, {"name": "attempts", "value": "8"}], "start": 1640022465313, "stop": 1640022503944}], "parameters": [{"name": "username_value", "value": "'normuser'"}, {"name": "email_value", "value": "'q@q.qq'"}, {"name": "password_value", "value": "'4J*6!xUsZe'"}, {"name": "repeat_value", "value": "'4J*6!xUsZe'"}, {"name": "accept_agreement", "value": "True"}], "start": 1640022446744, "stop": 1640022503952}], "start": 1640022446735, "stop": 1640022503952}], "start": 1640022419792, "stop": 1640022514703, "uuid": "dc602877-31d9-49bd-909e-11582643d4f3", "historyId": "d7751cc1792acd10f4152057e01a6882", "testCaseId": "b93817abadaae41abf078b1fa549eceb", "fullName": "tests.ui_test.registration_page.test_negative_registration.TestNegative#test_short_mail", "labels": [{"name": "feature", "value": "UI tests"}, {"name": "tag", "value": "Negative tests"}, {"name": "epic", "value": "Awesome test application"}, {"name": "story", "value": "Registration page"}, {"name": "parentSuite", "value": "tests.ui_test.registration_page"}, {"name": "suite", "value": "test_negative_registration"}, {"name": "subSuite", "value": "TestNegative"}, {"name": "host", "value": "DESKTOP-LERA"}, {"name": "thread", "value": "14988-MainThread"}, {"name": "framework", "value": "pytest"}, {"name": "language", "value": "cpython3"}, {"name": "package", "value": "tests.ui_test.registration_page.test_negative_registration"}]}