{"name": "test_password_match", "status": "broken", "statusDetails": {"message": "selenium.common.exceptions.TimeoutException: Message:", "trace": "self = <test_negative_registration.TestNegative object at 0x0000020EF61CA370>\n\n    @allure.epic('Awesome test application')\n    @allure.feature('UI tests')\n    @allure.story('Registration page')\n    @allure.tag(\"Negative tests\")\n    def test_password_match(self):\n        with allure.step(\"Go to registration page\"):\n            self.login_page.click(self.login_page.locators.CREATE_LINK)\n        with allure.step(\"Input different password\"):\n            self.registration_page.register(username, email, password, password + \"a\")\n>       assert self.login_page.get_text(self.login_page.locators.ERROR_FLASH) == \"Passwords must match\"\n\ntests\\ui_test\\registration_page\\test_negative_registration.py:71: \n_ _ _ _ _ _ _ _ _ _ _ _ _ _ _ _ _ _ _ _ _ _ _ _ _ _ _ _ _ _ _ _ _ _ _ _ _ _ _ _ _ _ _ _ _ _ _ _ _ _ _ _ _ _ _ _ _ _ _ _ _ _ _ _ _ _ _ _ _ _ _ _ _ _ _ _ _ _ _ _ _ _ _ _ _ _ _ _ _ _ _ _ _ _ _ _ _ _ _ _ _ _ _ _ _ _ _ _ _ _ _ _ _ _ _ _ _ _ _ _ _ _ _ _ _ _ _ _ _ _ _ _ _ _ _ _ _ _ _ _ _ _ _ _ _ _ _ _ _ _ _ _ _ _ _ _\nsrc\\ui\\pages\\base_page.py:34: in get_text\n    WebDriverWait(self.driver, 3).until(EC.visibility_of_element_located(locator))\n_ _ _ _ _ _ _ _ _ _ _ _ _ _ _ _ _ _ _ _ _ _ _ _ _ _ _ _ _ _ _ _ _ _ _ _ _ _ _ _ _ _ _ _ _ _ _ _ _ _ _ _ _ _ _ _ _ _ _ _ _ _ _ _ _ _ _ _ _ _ _ _ _ _ _ _ _ _ _ _ _ _ _ _ _ _ _ _ _ _ _ _ _ _ _ _ _ _ _ _ _ _ _ _ _ _ _ _ _ _ _ _ _ _ _ _ _ _ _ _ _ _ _ _ _ _ _ _ _ _ _ _ _ _ _ _ _ _ _ _ _ _ _ _ _ _ _ _ _ _ _ _ _ _ _ _\n\nself = <selenium.webdriver.support.wait.WebDriverWait (session=\"1e1cacc14d9609673533c22a2f8d3050\")>, method = <function visibility_of_element_located.<locals>._predicate at 0x0000020EF608D3A0>, message = ''\n\n    def until(self, method, message=''):\n        \"\"\"Calls the method provided with the driver as an argument until the \\\n        return value does not evaluate to ``False``.\n    \n        :param method: callable(WebDriver)\n        :param message: optional message for :exc:`TimeoutException`\n        :returns: the result of the last call to `method`\n        :raises: :exc:`selenium.common.exceptions.TimeoutException` if timeout occurs\n        \"\"\"\n        screen = None\n        stacktrace = None\n    \n        end_time = time.time() + self._timeout\n        while True:\n            try:\n                value = method(self._driver)\n                if value:\n                    return value\n            except InvalidSelectorException as e:\n                raise e\n            except self._ignored_exceptions as exc:\n                screen = getattr(exc, 'screen', None)\n                stacktrace = getattr(exc, 'stacktrace', None)\n            time.sleep(self._poll)\n            if time.time() > end_time:\n                break\n>       raise TimeoutException(message, screen, stacktrace)\nE       selenium.common.exceptions.TimeoutException: Message:\n\nD:\\Anaconda3\\envs\\final_project\\lib\\site-packages\\selenium\\webdriver\\support\\wait.py:89: TimeoutException"}, "steps": [{"name": "Go to registration page", "status": "passed", "steps": [{"name": "Clicking on ('xpath', \"//a[@href = '/reg']\")", "status": "passed", "parameters": [{"name": "locator", "value": "('xpath', \"//a[@href = '/reg']\")"}, {"name": "attempts", "value": "8"}], "start": 1640022552499, "stop": 1640022558978}], "start": 1640022552498, "stop": 1640022558978}, {"name": "Input different password", "status": "passed", "steps": [{"name": "Try registred:usernsme: 'alicia95',email: 'erikawhite@gmail.com',password: '4J*6!xUsZe'repeat password: '4J*6!xUsZea'", "status": "passed", "steps": [{"name": "Write the value 'alicia95' in the field <InputFields.username: ('id', 'username')>", "status": "passed", "parameters": [{"name": "field", "value": "<InputFields.username: ('id', 'username')>"}, {"name": "input_value", "value": "'alicia95'"}], "start": 1640022559018, "stop": 1640022559192}, {"name": "Write the value 'erikawhite@gmail.com' in the field <InputFields.email: ('id', 'email')>", "status": "passed", "parameters": [{"name": "field", "value": "<InputFields.email: ('id', 'email')>"}, {"name": "input_value", "value": "'erikawhite@gmail.com'"}], "start": 1640022559192, "stop": 1640022559494}, {"name": "Write the value '4J*6!xUsZe' in the field <InputFields.password: ('id', 'password')>", "status": "passed", "parameters": [{"name": "field", "value": "<InputFields.password: ('id', 'password')>"}, {"name": "input_value", "value": "'4J*6!xUsZe'"}], "start": 1640022559495, "stop": 1640022560839}, {"name": "Write the value '4J*6!xUsZea' in the field <InputFields.repeat_password: ('id', 'confirm')>", "status": "passed", "parameters": [{"name": "field", "value": "<InputFields.repeat_password: ('id', 'confirm')>"}, {"name": "input_value", "value": "'4J*6!xUsZea'"}], "start": 1640022560840, "stop": 1640022561061}, {"name": "Clicking on ('xpath', \"//input[@id = 'term']\")", "status": "passed", "parameters": [{"name": "locator", "value": "('xpath', \"//input[@id = 'term']\")"}, {"name": "attempts", "value": "8"}], "start": 1640022561061, "stop": 1640022561278}, {"name": "Clicking on <selenium.webdriver.remote.webelement.WebElement (session=\"1e1cacc14d9609673533c22a2f8d3050\", element=\"a9824302-6b64-4dab-947a-0382001e9ab1\")>", "status": "passed", "parameters": [{"name": "locator", "value": "<selenium.webdriver.remote.webelement.WebElement (session=\"1e1cacc14d9609673533c22a2f8d3050\", element=\"a9824302-6b64-4dab-947a-0382001e9ab1\")>"}, {"name": "attempts", "value": "8"}], "start": 1640022561278, "stop": 1640022561630}], "parameters": [{"name": "username_value", "value": "'alicia95'"}, {"name": "email_value", "value": "'erikawhite@gmail.com'"}, {"name": "password_value", "value": "'4J*6!xUsZe'"}, {"name": "repeat_value", "value": "'4J*6!xUsZea'"}, {"name": "accept_agreement", "value": "True"}], "start": 1640022558978, "stop": 1640022561630}], "start": 1640022558978, "stop": 1640022561630}], "start": 1640022552498, "stop": 1640022568741, "uuid": "d996ef99-7785-4f92-a66b-2d7426a6ea98", "historyId": "99e22477e001525a49e8f49c60c89fce", "testCaseId": "2a5121a944a6971d75afadea90f254e0", "fullName": "tests.ui_test.registration_page.test_negative_registration.TestNegative#test_password_match", "labels": [{"name": "feature", "value": "UI tests"}, {"name": "tag", "value": "Negative tests"}, {"name": "epic", "value": "Awesome test application"}, {"name": "story", "value": "Registration page"}, {"name": "parentSuite", "value": "tests.ui_test.registration_page"}, {"name": "suite", "value": "test_negative_registration"}, {"name": "subSuite", "value": "TestNegative"}, {"name": "host", "value": "DESKTOP-LERA"}, {"name": "thread", "value": "14988-MainThread"}, {"name": "framework", "value": "pytest"}, {"name": "language", "value": "cpython3"}, {"name": "package", "value": "tests.ui_test.registration_page.test_negative_registration"}]}