{"name": "test_login_info_on_page", "status": "broken", "statusDetails": {"message": "selenium.common.exceptions.TimeoutException: Message: \nStacktrace:\n#0 0x55708e57aee3 <unknown>\n#1 0x55708e048608 <unknown>\n#2 0x55708e07eaa1 <unknown>\n#3 0x55708e07ec61 <unknown>\n#4 0x55708e0b1714 <unknown>\n#5 0x55708e09c29d <unknown>\n#6 0x55708e0af3bc <unknown>\n#7 0x55708e09c163 <unknown>\n#8 0x55708e071bfc <unknown>\n#9 0x55708e072c05 <unknown>\n#10 0x55708e5acbaa <unknown>\n#11 0x55708e5c2651 <unknown>\n#12 0x55708e5adb05 <unknown>\n#13 0x55708e5c3a68 <unknown>\n#14 0x55708e5a205f <unknown>\n#15 0x55708e5de818 <unknown>\n#16 0x55708e5de998 <unknown>\n#17 0x55708e5f9eed <unknown>\n#18 0x7f36d6bae609 <unknown>", "trace": "self = <test_user_info.TestUserInfo object at 0x000002359B2ED0A0>\n\n    @allure.epic('Awesome test application')\n    @allure.feature('UI tests')\n    @allure.story('Main Page')\n    @allure.tag('Positive test')\n    def test_login_info_on_page(self):\n        with allure.step(\"Go to registration page\"):\n            self.login_page.click(self.login_page.locators.CREATE_LINK)\n        with allure.step(\"Registration user\"):\n            self.registration_page.register(username, email, password, password)\n        user = self.main_page.locators.LOGINNAME_LOCATOR\n>       assert self.main_page.get_text(user) == f\"Logged as {username}\"\n\ntests\\ui_test\\main_page\\test_user_info.py:17: \n_ _ _ _ _ _ _ _ _ _ _ _ _ _ _ _ _ _ _ _ _ _ _ _ _ _ _ _ _ _ _ _ _ _ _ _ _ _ _ _\nsrc\\ui\\pages\\base_page.py:36: in get_text\n    WebDriverWait(self.driver, 2).until(EC.visibility_of_element_located(locator))\n_ _ _ _ _ _ _ _ _ _ _ _ _ _ _ _ _ _ _ _ _ _ _ _ _ _ _ _ _ _ _ _ _ _ _ _ _ _ _ _\n\nself = <selenium.webdriver.support.wait.WebDriverWait (session=\"8be8e11dc35ad3005e49ca4e95f477da\")>\nmethod = <function visibility_of_element_located.<locals>._predicate at 0x000002359B30B1F0>\nmessage = ''\n\n    def until(self, method, message=''):\n        \"\"\"Calls the method provided with the driver as an argument until the \\\n        return value does not evaluate to ``False``.\n    \n        :param method: callable(WebDriver)\n        :param message: optional message for :exc:`TimeoutException`\n        :returns: the result of the last call to `method`\n        :raises: :exc:`selenium.common.exceptions.TimeoutException` if timeout occurs\n        \"\"\"\n        screen = None\n        stacktrace = None\n    \n        end_time = time.time() + self._timeout\n        while True:\n            try:\n                value = method(self._driver)\n                if value:\n                    return value\n            except InvalidSelectorException as e:\n                raise e\n            except self._ignored_exceptions as exc:\n                screen = getattr(exc, 'screen', None)\n                stacktrace = getattr(exc, 'stacktrace', None)\n            time.sleep(self._poll)\n            if time.time() > end_time:\n                break\n>       raise TimeoutException(message, screen, stacktrace)\nE       selenium.common.exceptions.TimeoutException: Message: \nE       Stacktrace:\nE       #0 0x55708e57aee3 <unknown>\nE       #1 0x55708e048608 <unknown>\nE       #2 0x55708e07eaa1 <unknown>\nE       #3 0x55708e07ec61 <unknown>\nE       #4 0x55708e0b1714 <unknown>\nE       #5 0x55708e09c29d <unknown>\nE       #6 0x55708e0af3bc <unknown>\nE       #7 0x55708e09c163 <unknown>\nE       #8 0x55708e071bfc <unknown>\nE       #9 0x55708e072c05 <unknown>\nE       #10 0x55708e5acbaa <unknown>\nE       #11 0x55708e5c2651 <unknown>\nE       #12 0x55708e5adb05 <unknown>\nE       #13 0x55708e5c3a68 <unknown>\nE       #14 0x55708e5a205f <unknown>\nE       #15 0x55708e5de818 <unknown>\nE       #16 0x55708e5de998 <unknown>\nE       #17 0x55708e5f9eed <unknown>\nE       #18 0x7f36d6bae609 <unknown>\n\nD:\\Anaconda3\\envs\\final_project\\lib\\site-packages\\selenium\\webdriver\\support\\wait.py:89: TimeoutException"}, "steps": [{"name": "Go to registration page", "status": "passed", "steps": [{"name": "Clicking on ('xpath', \"//a[@href = '/reg']\")", "status": "passed", "parameters": [{"name": "locator", "value": "('xpath', \"//a[@href = '/reg']\")"}, {"name": "attempts", "value": "8"}], "start": 1640013549461, "stop": 1640013550920}], "start": 1640013549459, "stop": 1640013550920}, {"name": "Registration user", "status": "passed", "steps": [{"name": "Try registred:usernsme: 'qmorrison',email: 'david90@gmail.com',password: ')_6vXPj8D8'repeat password: ')_6vXPj8D8'", "status": "passed", "steps": [{"name": "Write the value 'qmorrison' in the field <InputFields.username: ('id', 'username')>", "status": "passed", "parameters": [{"name": "field", "value": "<InputFields.username: ('id', 'username')>"}, {"name": "input_value", "value": "'qmorrison'"}], "start": 1640013551041, "stop": 1640013551872}, {"name": "Write the value 'david90@gmail.com' in the field <InputFields.email: ('id', 'email')>", "status": "passed", "parameters": [{"name": "field", "value": "<InputFields.email: ('id', 'email')>"}, {"name": "input_value", "value": "'david90@gmail.com'"}], "start": 1640013551872, "stop": 1640013553044}, {"name": "Write the value ')_6vXPj8D8' in the field <InputFields.password: ('id', 'password')>", "status": "passed", "parameters": [{"name": "field", "value": "<InputFields.password: ('id', 'password')>"}, {"name": "input_value", "value": "')_6vXPj8D8'"}], "start": 1640013553045, "stop": 1640013554295}, {"name": "Write the value ')_6vXPj8D8' in the field <InputFields.repeat_password: ('id', 'confirm')>", "status": "passed", "parameters": [{"name": "field", "value": "<InputFields.repeat_password: ('id', 'confirm')>"}, {"name": "input_value", "value": "')_6vXPj8D8'"}], "start": 1640013554295, "stop": 1640013554820}, {"name": "Clicking on ('xpath', \"//input[@id = 'term']\")", "status": "passed", "parameters": [{"name": "locator", "value": "('xpath', \"//input[@id = 'term']\")"}, {"name": "attempts", "value": "8"}], "start": 1640013554820, "stop": 1640013555529}, {"name": "Clicking on <selenium.webdriver.remote.webelement.WebElement (session=\"8be8e11dc35ad3005e49ca4e95f477da\", element=\"7743b8fa-bd8f-4641-811e-ea8c6f90da0b\")>", "status": "passed", "parameters": [{"name": "locator", "value": "<selenium.webdriver.remote.webelement.WebElement (session=\"8be8e11dc35ad3005e49ca4e95f477da\", element=\"7743b8fa-bd8f-4641-811e-ea8c6f90da0b\")>"}, {"name": "attempts", "value": "8"}], "start": 1640013555530, "stop": 1640013556628}], "parameters": [{"name": "username_value", "value": "'qmorrison'"}, {"name": "email_value", "value": "'david90@gmail.com'"}, {"name": "password_value", "value": "')_6vXPj8D8'"}, {"name": "repeat_value", "value": "')_6vXPj8D8'"}, {"name": "accept_agreement", "value": "True"}], "start": 1640013550921, "stop": 1640013566642}], "start": 1640013550920, "stop": 1640013566642}], "start": 1640013549457, "stop": 1640013577176, "uuid": "10998be7-d0fd-4aa4-bb03-fbafe5b8bf16", "historyId": "e54349e83e93f60cacf3ef764f52de7e", "testCaseId": "350a0983aa362099988ce263ba32e0ff", "fullName": "tests.ui_test.main_page.test_user_info.TestUserInfo#test_login_info_on_page", "labels": [{"name": "epic", "value": "Awesome test application"}, {"name": "feature", "value": "UI tests"}, {"name": "tag", "value": "Positive test"}, {"name": "story", "value": "Main Page"}, {"name": "parentSuite", "value": "tests.ui_test.main_page"}, {"name": "suite", "value": "test_user_info"}, {"name": "subSuite", "value": "TestUserInfo"}, {"name": "host", "value": "DESKTOP-LERA"}, {"name": "thread", "value": "9652-MainThread"}, {"name": "framework", "value": "pytest"}, {"name": "language", "value": "cpython3"}, {"name": "package", "value": "tests.ui_test.main_page.test_user_info"}]}