{"name": "test_short_mail", "status": "broken", "statusDetails": {"message": "selenium.common.exceptions.TimeoutException: Message: \nStacktrace:\nBacktrace:\n\tOrdinal0 [0x00F36903+2517251]\n\tOrdinal0 [0x00ECF8E1+2095329]\n\tOrdinal0 [0x00DD2848+1058888]\n\tOrdinal0 [0x00DFD448+1233992]\n\tOrdinal0 [0x00DFD63B+1234491]\n\tOrdinal0 [0x00E27812+1406994]\n\tOrdinal0 [0x00E1650A+1336586]\n\tOrdinal0 [0x00E25BBF+1399743]\n\tOrdinal0 [0x00E1639B+1336219]\n\tOrdinal0 [0x00DF27A7+1189799]\n\tOrdinal0 [0x00DF3609+1193481]\n\tGetHandleVerifier [0x010C5904+1577972]\n\tGetHandleVerifier [0x01170B97+2279047]\n\tGetHandleVerifier [0x00FC6D09+534521]\n\tGetHandleVerifier [0x00FC5DB9+530601]\n\tOrdinal0 [0x00ED4FF9+2117625]\n\tOrdinal0 [0x00ED98A8+2136232]\n\tOrdinal0 [0x00ED99E2+2136546]\n\tOrdinal0 [0x00EE3541+2176321]\n\tBaseThreadInitThunk [0x757AFA29+25]\n\tRtlGetAppContainerNamedObjectPath [0x77017A9E+286]\n\tRtlGetAppContainerNamedObjectPath [0x77017A6E+238]", "trace": "self = <test_negative_registration.TestNegative object at 0x000001F935EC7BE0>\n\n>   ???\n\nD:\\ProgrammingProjects\\PythonProj\\final_project\\vkidTest\\tests\\ui_test\\registration_page\\test_negative_registration.py:45: \n_ _ _ _ _ _ _ _ _ _ _ _ _ _ _ _ _ _ _ _ _ _ _ _ _ _ _ _ _ _ _ _ _ _ _ _ _ _ _ _ _ _ _ _ _ _ _ _ _ _ _ _ _ _ _ _ _ _ _ _ _ _ _ _ _ _ _ _ _ _ _ _ _ _ _ _ _ _ _ _ _ _ _ _ _ _ _ _ _ _ _ _ _ _ _ _ _ _ _ _ _ _ _ _ _ _ _ _ _ _ _ _ _ _ _ _ _ _ _ _ _ _ _ _ _ _ _ _ _ _ _ _ _ _ _ _ _ _ _ _ _ _ _ _ _ _ _ _ _ _ _ _ _ _ _ _\nsrc\\ui\\pages\\base_page.py:34: in get_text\n    WebDriverWait(self.driver, 3).until(EC.visibility_of_element_located(locator))\n_ _ _ _ _ _ _ _ _ _ _ _ _ _ _ _ _ _ _ _ _ _ _ _ _ _ _ _ _ _ _ _ _ _ _ _ _ _ _ _ _ _ _ _ _ _ _ _ _ _ _ _ _ _ _ _ _ _ _ _ _ _ _ _ _ _ _ _ _ _ _ _ _ _ _ _ _ _ _ _ _ _ _ _ _ _ _ _ _ _ _ _ _ _ _ _ _ _ _ _ _ _ _ _ _ _ _ _ _ _ _ _ _ _ _ _ _ _ _ _ _ _ _ _ _ _ _ _ _ _ _ _ _ _ _ _ _ _ _ _ _ _ _ _ _ _ _ _ _ _ _ _ _ _ _ _\n\nself = <selenium.webdriver.support.wait.WebDriverWait (session=\"8b53bce5d50330359d33aa2810089030\")>, method = <function visibility_of_element_located.<locals>._predicate at 0x000001F936059790>, message = ''\n\n    def until(self, method, message=''):\n        \"\"\"Calls the method provided with the driver as an argument until the \\\n        return value does not evaluate to ``False``.\n    \n        :param method: callable(WebDriver)\n        :param message: optional message for :exc:`TimeoutException`\n        :returns: the result of the last call to `method`\n        :raises: :exc:`selenium.common.exceptions.TimeoutException` if timeout occurs\n        \"\"\"\n        screen = None\n        stacktrace = None\n    \n        end_time = time.time() + self._timeout\n        while True:\n            try:\n                value = method(self._driver)\n                if value:\n                    return value\n            except InvalidSelectorException as e:\n                raise e\n            except self._ignored_exceptions as exc:\n                screen = getattr(exc, 'screen', None)\n                stacktrace = getattr(exc, 'stacktrace', None)\n            time.sleep(self._poll)\n            if time.time() > end_time:\n                break\n>       raise TimeoutException(message, screen, stacktrace)\nE       selenium.common.exceptions.TimeoutException: Message: \nE       Stacktrace:\nE       Backtrace:\nE       \tOrdinal0 [0x00F36903+2517251]\nE       \tOrdinal0 [0x00ECF8E1+2095329]\nE       \tOrdinal0 [0x00DD2848+1058888]\nE       \tOrdinal0 [0x00DFD448+1233992]\nE       \tOrdinal0 [0x00DFD63B+1234491]\nE       \tOrdinal0 [0x00E27812+1406994]\nE       \tOrdinal0 [0x00E1650A+1336586]\nE       \tOrdinal0 [0x00E25BBF+1399743]\nE       \tOrdinal0 [0x00E1639B+1336219]\nE       \tOrdinal0 [0x00DF27A7+1189799]\nE       \tOrdinal0 [0x00DF3609+1193481]\nE       \tGetHandleVerifier [0x010C5904+1577972]\nE       \tGetHandleVerifier [0x01170B97+2279047]\nE       \tGetHandleVerifier [0x00FC6D09+534521]\nE       \tGetHandleVerifier [0x00FC5DB9+530601]\nE       \tOrdinal0 [0x00ED4FF9+2117625]\nE       \tOrdinal0 [0x00ED98A8+2136232]\nE       \tOrdinal0 [0x00ED99E2+2136546]\nE       \tOrdinal0 [0x00EE3541+2176321]\nE       \tBaseThreadInitThunk [0x757AFA29+25]\nE       \tRtlGetAppContainerNamedObjectPath [0x77017A9E+286]\nE       \tRtlGetAppContainerNamedObjectPath [0x77017A6E+238]\n\n..\\..\\venv\\lib\\site-packages\\selenium\\webdriver\\support\\wait.py:89: TimeoutException"}, "steps": [{"name": "Go to registration page", "status": "passed", "steps": [{"name": "Clicking on ('xpath', \"//a[@href = '/reg']\")", "status": "passed", "parameters": [{"name": "locator", "value": "('xpath', \"//a[@href = '/reg']\")"}, {"name": "attempts", "value": "8"}], "start": 1640027139066, "stop": 1640027140017}], "start": 1640027139066, "stop": 1640027140017}, {"name": "Try create user with short email", "status": "passed", "steps": [{"name": "Try registred:usernsme: 'normuser',email: 'q@q.qq',password: '_6VHBjAY2+'repeat password: '_6VHBjAY2+'", "status": "passed", "steps": [{"name": "Write the value 'normuser' in the field <InputFields.username: ('id', 'username')>", "status": "passed", "parameters": [{"name": "field", "value": "<InputFields.username: ('id', 'username')>"}, {"name": "input_value", "value": "'normuser'"}], "start": 1640027140054, "stop": 1640027140383}, {"name": "Write the value 'q@q.qq' in the field <InputFields.email: ('id', 'email')>", "status": "passed", "parameters": [{"name": "field", "value": "<InputFields.email: ('id', 'email')>"}, {"name": "input_value", "value": "'q@q.qq'"}], "start": 1640027140383, "stop": 1640027140585}, {"name": "Write the value '_6VHBjAY2+' in the field <InputFields.password: ('id', 'password')>", "status": "passed", "parameters": [{"name": "field", "value": "<InputFields.password: ('id', 'password')>"}, {"name": "input_value", "value": "'_6VHBjAY2+'"}], "start": 1640027140586, "stop": 1640027140772}, {"name": "Write the value '_6VHBjAY2+' in the field <InputFields.repeat_password: ('id', 'confirm')>", "status": "passed", "parameters": [{"name": "field", "value": "<InputFields.repeat_password: ('id', 'confirm')>"}, {"name": "input_value", "value": "'_6VHBjAY2+'"}], "start": 1640027140772, "stop": 1640027140970}, {"name": "Clicking on ('xpath', \"//input[@id = 'term']\")", "status": "passed", "parameters": [{"name": "locator", "value": "('xpath', \"//input[@id = 'term']\")"}, {"name": "attempts", "value": "8"}], "start": 1640027140970, "stop": 1640027141153}, {"name": "Clicking on <selenium.webdriver.remote.webelement.WebElement (session=\"8b53bce5d50330359d33aa2810089030\", element=\"ccda937e-fb63-4f64-aa56-392c3b647f26\")>", "status": "passed", "parameters": [{"name": "locator", "value": "<selenium.webdriver.remote.webelement.WebElement (session=\"8b53bce5d50330359d33aa2810089030\", element=\"ccda937e-fb63-4f64-aa56-392c3b647f26\")>"}, {"name": "attempts", "value": "8"}], "start": 1640027141154, "stop": 1640027143354}], "parameters": [{"name": "username_value", "value": "'normuser'"}, {"name": "email_value", "value": "'q@q.qq'"}, {"name": "password_value", "value": "'_6VHBjAY2+'"}, {"name": "repeat_value", "value": "'_6VHBjAY2+'"}, {"name": "accept_agreement", "value": "True"}], "start": 1640027140017, "stop": 1640027143354}], "start": 1640027140017, "stop": 1640027143354}], "start": 1640027139066, "stop": 1640027153864, "uuid": "c7abb986-27f9-46ae-b468-556eea2f465e", "historyId": "d7751cc1792acd10f4152057e01a6882", "testCaseId": "b93817abadaae41abf078b1fa549eceb", "fullName": "tests.ui_test.registration_page.test_negative_registration.TestNegative#test_short_mail", "labels": [{"name": "epic", "value": "Awesome test application"}, {"name": "tag", "value": "Negative tests"}, {"name": "feature", "value": "UI tests"}, {"name": "story", "value": "Registration page"}, {"name": "parentSuite", "value": "tests.ui_test.registration_page"}, {"name": "suite", "value": "test_negative_registration"}, {"name": "subSuite", "value": "TestNegative"}, {"name": "host", "value": "DESKTOP-LERA"}, {"name": "thread", "value": "2648-MainThread"}, {"name": "framework", "value": "pytest"}, {"name": "language", "value": "cpython3"}, {"name": "package", "value": "tests.ui_test.registration_page.test_negative_registration"}]}